0 info it worked if it ends with ok
1 verbose cli [ 'C:\\Program Files\\nodejs\\node.exe',
1 verbose cli   'C:\\Program Files\\nodejs\\node_modules\\npm\\bin\\npm-cli.js',
1 verbose cli   'version',
1 verbose cli   '2.0.0' ]
2 info using npm@3.10.10
3 info using node@v6.9.5
4 verbose stack Error: Version not changed
4 verbose stack     at persistVersion (C:\Program Files\nodejs\node_modules\npm\lib\version.js:92:47)
4 verbose stack     at C:\Program Files\nodejs\node_modules\npm\lib\version.js:47:7
4 verbose stack     at C:\Program Files\nodejs\node_modules\npm\lib\version.js:119:5
4 verbose stack     at C:\Program Files\nodejs\node_modules\npm\node_modules\graceful-fs\graceful-fs.js:78:16
4 verbose stack     at FSReqWrap.readFileAfterClose [as oncomplete] (fs.js:445:3)
5 verbose cwd C:\users\ara\dbwebb-kurser\ramverk2\me\redovisa
6 error Windows_NT 10.0.15063
7 error argv "C:\\Program Files\\nodejs\\node.exe" "C:\\Program Files\\nodejs\\node_modules\\npm\\bin\\npm-cli.js" "version" "2.0.0"
8 error node v6.9.5
9 error npm  v3.10.10
10 error Version not changed
11 error If you need help, you may report this error at:
11 error     <https://github.com/npm/npm/issues>
12 verbose exit [ 1, true ]
